Checking whether the ASM compiler is GNU using "--version" did not match "(GNU assembler)|(GCC)|(Free Software Foundation)":
Apple clang version 14.0.0 (clang-1400.0.29.202)
Target: x86_64-apple-darwin21.6.0
Thread model: posix
InstalledDir: /Library/Developer/CommandLineTools/usr/bin
Performing C++ SOURCE FILE Test HAVE_FALLOCATE failed with the following output:
Change Dir: /Users/arnold/Downloads/exone/deps/rocksdb/_build/cmake/rocksdb-prefix/src/rocksdb-build/CMakeFiles/CMakeScratch/TryCompile-NQyYRj

Run Build Command(s):/usr/bin/make -f Makefile cmTC_8bff6/fast && /Library/Developer/CommandLineTools/usr/bin/make  -f CMakeFiles/cmTC_8bff6.dir/build.make CMakeFiles/cmTC_8bff6.dir/build
Building CXX object CMakeFiles/cmTC_8bff6.dir/src.cxx.o
/Library/Developer/CommandLineTools/usr/bin/c++ -DHAVE_FALLOCATE  -W -Wextra -Wall -Wsign-compare -Wshadow -Wno-unused-parameter -Wno-unused-variable -Woverloaded-virtual -Wnon-virtual-dtor -Wno-missing-field-initializers -Wno-strict-aliasing -fno-omit-frame-pointer -momit-leaf-frame-pointer  -isysroot /Library/Developer/CommandLineTools/SDKs/MacOSX13.0.sdk -mmacosx-version-min=12.6 -fPIE -MD -MT CMakeFiles/cmTC_8bff6.dir/src.cxx.o -MF CMakeFiles/cmTC_8bff6.dir/src.cxx.o.d -o CMakeFiles/cmTC_8bff6.dir/src.cxx.o -c /Users/arnold/Downloads/exone/deps/rocksdb/_build/cmake/rocksdb-prefix/src/rocksdb-build/CMakeFiles/CMakeScratch/TryCompile-NQyYRj/src.cxx
/Users/arnold/Downloads/exone/deps/rocksdb/_build/cmake/rocksdb-prefix/src/rocksdb-build/CMakeFiles/CMakeScratch/TryCompile-NQyYRj/src.cxx:3:10: fatal error: 'linux/falloc.h' file not found
#include <linux/falloc.h>
         ^~~~~~~~~~~~~~~~
1 error generated.
make[4]: *** [CMakeFiles/cmTC_8bff6.dir/src.cxx.o] Error 1
make[3]: *** [cmTC_8bff6/fast] Error 2


Source file was:

#include <fcntl.h>
#include <linux/falloc.h>
int main() {
 int fd = open("/dev/null", 0);
 fallocate(fd, FALLOC_FL_KEEP_SIZE, 0, 1024);
}


Performing C++ SOURCE FILE Test HAVE_SYNC_FILE_RANGE_WRITE failed with the following output:
Change Dir: /Users/arnold/Downloads/exone/deps/rocksdb/_build/cmake/rocksdb-prefix/src/rocksdb-build/CMakeFiles/CMakeScratch/TryCompile-MH6w66

Run Build Command(s):/usr/bin/make -f Makefile cmTC_5c61a/fast && /Library/Developer/CommandLineTools/usr/bin/make  -f CMakeFiles/cmTC_5c61a.dir/build.make CMakeFiles/cmTC_5c61a.dir/build
Building CXX object CMakeFiles/cmTC_5c61a.dir/src.cxx.o
/Library/Developer/CommandLineTools/usr/bin/c++ -DHAVE_SYNC_FILE_RANGE_WRITE  -W -Wextra -Wall -Wsign-compare -Wshadow -Wno-unused-parameter -Wno-unused-variable -Woverloaded-virtual -Wnon-virtual-dtor -Wno-missing-field-initializers -Wno-strict-aliasing -fno-omit-frame-pointer -momit-leaf-frame-pointer  -isysroot /Library/Developer/CommandLineTools/SDKs/MacOSX13.0.sdk -mmacosx-version-min=12.6 -fPIE -MD -MT CMakeFiles/cmTC_5c61a.dir/src.cxx.o -MF CMakeFiles/cmTC_5c61a.dir/src.cxx.o.d -o CMakeFiles/cmTC_5c61a.dir/src.cxx.o -c /Users/arnold/Downloads/exone/deps/rocksdb/_build/cmake/rocksdb-prefix/src/rocksdb-build/CMakeFiles/CMakeScratch/TryCompile-MH6w66/src.cxx
/Users/arnold/Downloads/exone/deps/rocksdb/_build/cmake/rocksdb-prefix/src/rocksdb-build/CMakeFiles/CMakeScratch/TryCompile-MH6w66/src.cxx:5:32: error: use of undeclared identifier 'SYNC_FILE_RANGE_WRITE'
  sync_file_range(fd, 0, 1024, SYNC_FILE_RANGE_WRITE);
                               ^
1 error generated.
make[4]: *** [CMakeFiles/cmTC_5c61a.dir/src.cxx.o] Error 1
make[3]: *** [cmTC_5c61a/fast] Error 2


Source file was:

#include <fcntl.h>
int main() {
  int fd = open("/dev/null", 0);
  sync_file_range(fd, 0, 1024, SYNC_FILE_RANGE_WRITE);
}


Performing C++ SOURCE FILE Test HAVE_PTHREAD_MUTEX_ADAPTIVE_NP failed with the following output:
Change Dir: /Users/arnold/Downloads/exone/deps/rocksdb/_build/cmake/rocksdb-prefix/src/rocksdb-build/CMakeFiles/CMakeScratch/TryCompile-wfSIn3

Run Build Command(s):/usr/bin/make -f Makefile cmTC_34c23/fast && /Library/Developer/CommandLineTools/usr/bin/make  -f CMakeFiles/cmTC_34c23.dir/build.make CMakeFiles/cmTC_34c23.dir/build
Building CXX object CMakeFiles/cmTC_34c23.dir/src.cxx.o
/Library/Developer/CommandLineTools/usr/bin/c++ -DHAVE_PTHREAD_MUTEX_ADAPTIVE_NP  -W -Wextra -Wall -Wsign-compare -Wshadow -Wno-unused-parameter -Wno-unused-variable -Woverloaded-virtual -Wnon-virtual-dtor -Wno-missing-field-initializers -Wno-strict-aliasing -fno-omit-frame-pointer -momit-leaf-frame-pointer  -isysroot /Library/Developer/CommandLineTools/SDKs/MacOSX13.0.sdk -mmacosx-version-min=12.6 -fPIE -MD -MT CMakeFiles/cmTC_34c23.dir/src.cxx.o -MF CMakeFiles/cmTC_34c23.dir/src.cxx.o.d -o CMakeFiles/cmTC_34c23.dir/src.cxx.o -c /Users/arnold/Downloads/exone/deps/rocksdb/_build/cmake/rocksdb-prefix/src/rocksdb-build/CMakeFiles/CMakeScratch/TryCompile-wfSIn3/src.cxx
/Users/arnold/Downloads/exone/deps/rocksdb/_build/cmake/rocksdb-prefix/src/rocksdb-build/CMakeFiles/CMakeScratch/TryCompile-wfSIn3/src.cxx:4:10: error: use of undeclared identifier 'PTHREAD_MUTEX_ADAPTIVE_NP'
  (void) PTHREAD_MUTEX_ADAPTIVE_NP;
         ^
1 error generated.
make[4]: *** [CMakeFiles/cmTC_34c23.dir/src.cxx.o] Error 1
make[3]: *** [cmTC_34c23/fast] Error 2


Source file was:

#include <pthread.h>
int main() {
  (void) PTHREAD_MUTEX_ADAPTIVE_NP;
}


Determining if the malloc_usable_size exist failed with the following output:
Change Dir: /Users/arnold/Downloads/exone/deps/rocksdb/_build/cmake/rocksdb-prefix/src/rocksdb-build/CMakeFiles/CMakeScratch/TryCompile-yq1arP

Run Build Command(s):/usr/bin/make -f Makefile cmTC_7a413/fast && /Library/Developer/CommandLineTools/usr/bin/make  -f CMakeFiles/cmTC_7a413.dir/build.make CMakeFiles/cmTC_7a413.dir/build
Building CXX object CMakeFiles/cmTC_7a413.dir/CheckSymbolExists.cxx.o
/Library/Developer/CommandLineTools/usr/bin/c++   -W -Wextra -Wall -Wsign-compare -Wshadow -Wno-unused-parameter -Wno-unused-variable -Woverloaded-virtual -Wnon-virtual-dtor -Wno-missing-field-initializers -Wno-strict-aliasing -fno-omit-frame-pointer -momit-leaf-frame-pointer  -isysroot /Library/Developer/CommandLineTools/SDKs/MacOSX13.0.sdk -mmacosx-version-min=12.6 -fPIE -MD -MT CMakeFiles/cmTC_7a413.dir/CheckSymbolExists.cxx.o -MF CMakeFiles/cmTC_7a413.dir/CheckSymbolExists.cxx.o.d -o CMakeFiles/cmTC_7a413.dir/CheckSymbolExists.cxx.o -c /Users/arnold/Downloads/exone/deps/rocksdb/_build/cmake/rocksdb-prefix/src/rocksdb-build/CMakeFiles/CMakeScratch/TryCompile-yq1arP/CheckSymbolExists.cxx
/Users/arnold/Downloads/exone/deps/rocksdb/_build/cmake/rocksdb-prefix/src/rocksdb-build/CMakeFiles/CMakeScratch/TryCompile-yq1arP/CheckSymbolExists.cxx:2:10: fatal error: 'malloc.h' file not found
#include <malloc.h>
         ^~~~~~~~~~
1 error generated.
make[4]: *** [CMakeFiles/cmTC_7a413.dir/CheckSymbolExists.cxx.o] Error 1
make[3]: *** [cmTC_7a413/fast] Error 2


File CheckSymbolExists.cxx:
/* */
#include <malloc.h>

int main(int argc, char** argv)
{
  (void)argv;
#ifndef malloc_usable_size
  return ((int*)(&malloc_usable_size))[argc];
#else
  (void)argc;
  return 0;
#endif
}
Determining if the sched_getcpu exist failed with the following output:
Change Dir: /Users/arnold/Downloads/exone/deps/rocksdb/_build/cmake/rocksdb-prefix/src/rocksdb-build/CMakeFiles/CMakeScratch/TryCompile-BsejZZ

Run Build Command(s):/usr/bin/make -f Makefile cmTC_c5167/fast && /Library/Developer/CommandLineTools/usr/bin/make  -f CMakeFiles/cmTC_c5167.dir/build.make CMakeFiles/cmTC_c5167.dir/build
Building CXX object CMakeFiles/cmTC_c5167.dir/CheckSymbolExists.cxx.o
/Library/Developer/CommandLineTools/usr/bin/c++   -W -Wextra -Wall -Wsign-compare -Wshadow -Wno-unused-parameter -Wno-unused-variable -Woverloaded-virtual -Wnon-virtual-dtor -Wno-missing-field-initializers -Wno-strict-aliasing -fno-omit-frame-pointer -momit-leaf-frame-pointer  -isysroot /Library/Developer/CommandLineTools/SDKs/MacOSX13.0.sdk -mmacosx-version-min=12.6 -fPIE -MD -MT CMakeFiles/cmTC_c5167.dir/CheckSymbolExists.cxx.o -MF CMakeFiles/cmTC_c5167.dir/CheckSymbolExists.cxx.o.d -o CMakeFiles/cmTC_c5167.dir/CheckSymbolExists.cxx.o -c /Users/arnold/Downloads/exone/deps/rocksdb/_build/cmake/rocksdb-prefix/src/rocksdb-build/CMakeFiles/CMakeScratch/TryCompile-BsejZZ/CheckSymbolExists.cxx
/Users/arnold/Downloads/exone/deps/rocksdb/_build/cmake/rocksdb-prefix/src/rocksdb-build/CMakeFiles/CMakeScratch/TryCompile-BsejZZ/CheckSymbolExists.cxx:8:19: error: use of undeclared identifier 'sched_getcpu'
  return ((int*)(&sched_getcpu))[argc];
                  ^
1 error generated.
make[4]: *** [CMakeFiles/cmTC_c5167.dir/CheckSymbolExists.cxx.o] Error 1
make[3]: *** [cmTC_c5167/fast] Error 2


File CheckSymbolExists.cxx:
/* */
#include <sched.h>

int main(int argc, char** argv)
{
  (void)argv;
#ifndef sched_getcpu
  return ((int*)(&sched_getcpu))[argc];
#else
  (void)argc;
  return 0;
#endif
}
Determining if the getauxval exist failed with the following output:
Change Dir: /Users/arnold/Downloads/exone/deps/rocksdb/_build/cmake/rocksdb-prefix/src/rocksdb-build/CMakeFiles/CMakeScratch/TryCompile-dHPLsp

Run Build Command(s):/usr/bin/make -f Makefile cmTC_2597a/fast && /Library/Developer/CommandLineTools/usr/bin/make  -f CMakeFiles/cmTC_2597a.dir/build.make CMakeFiles/cmTC_2597a.dir/build
Building CXX object CMakeFiles/cmTC_2597a.dir/CheckSymbolExists.cxx.o
/Library/Developer/CommandLineTools/usr/bin/c++   -W -Wextra -Wall -Wsign-compare -Wshadow -Wno-unused-parameter -Wno-unused-variable -Woverloaded-virtual -Wnon-virtual-dtor -Wno-missing-field-initializers -Wno-strict-aliasing -fno-omit-frame-pointer -momit-leaf-frame-pointer  -isysroot /Library/Developer/CommandLineTools/SDKs/MacOSX13.0.sdk -mmacosx-version-min=12.6 -fPIE -MD -MT CMakeFiles/cmTC_2597a.dir/CheckSymbolExists.cxx.o -MF CMakeFiles/cmTC_2597a.dir/CheckSymbolExists.cxx.o.d -o CMakeFiles/cmTC_2597a.dir/CheckSymbolExists.cxx.o -c /Users/arnold/Downloads/exone/deps/rocksdb/_build/cmake/rocksdb-prefix/src/rocksdb-build/CMakeFiles/CMakeScratch/TryCompile-dHPLsp/CheckSymbolExists.cxx
/Users/arnold/Downloads/exone/deps/rocksdb/_build/cmake/rocksdb-prefix/src/rocksdb-build/CMakeFiles/CMakeScratch/TryCompile-dHPLsp/CheckSymbolExists.cxx:2:10: fatal error: 'auvx.h' file not found
#include <auvx.h>
         ^~~~~~~~
1 error generated.
make[4]: *** [CMakeFiles/cmTC_2597a.dir/CheckSymbolExists.cxx.o] Error 1
make[3]: *** [cmTC_2597a/fast] Error 2


File CheckSymbolExists.cxx:
/* */
#include <auvx.h>

int main(int argc, char** argv)
{
  (void)argv;
#ifndef getauxval
  return ((int*)(&getauxval))[argc];
#else
  (void)argc;
  return 0;
#endif
}
